build/app/outputs/mapping/release/mapping.txt
# compiler: R8
# compiler_version: 1.5.69
# min_api: 23
# pg_map_id: 35009e1
...
com.baseflow.geolocator.GeolocatorPlugin -> c.b.a.i:
    com.baseflow.geolocator.StreamHandlerImpl streamHandler -> f
    com.baseflow.geolocator.permission.PermissionManager permissionManager -> c
    com.baseflow.geolocator.MethodCallHandlerImpl methodCallHandler -> e
    io.flutter.plugin.common.PluginRegistry$Registrar pluginRegistrar -> g
    io.flutter.embedding.engine.plugins.activity.ActivityPluginBinding pluginBinding -> h
    com.baseflow.geolocator.location.GeolocationManager geolocationManager -> d
    void onAttachedToActivity(io.flutter.embedding.engine.plugins.activity.ActivityPluginBinding) -> a
    void onAttachedToEngine(io.flutter.embedding.engine.plugins.FlutterPlugin$FlutterPluginBinding) -> a
    void onDetachedFromActivity() -> a
    void onDetachedFromActivityForConfigChanges() -> b
    void onDetachedFromEngine(io.flutter.embedding.engine.plugins.FlutterPlugin$FlutterPluginBinding) -> b
    void onReattachedToActivityForConfigChanges(io.flutter.embedding.engine.plugins.activity.ActivityPluginBinding) -> b
    void deregisterListeners() -> c
    void registerListeners() -> d
com.baseflow.geolocator.MethodCallHandlerImpl -> c.b.a.j:
    android.app.Activity activity -> f
    io.flutter.plugin.common.MethodChannel channel -> g
    com.baseflow.geolocator.permission.PermissionManager permissionManager -> c
    android.content.Context context -> e
    com.baseflow.geolocator.location.GeolocationManager geolocationManager -> d
    void lambda$onGetCurrentPosition$4(boolean[],com.baseflow.geolocator.location.LocationClient,io.flutter.plugin.common.MethodChannel$Result,android.location.Location) -> a
    void lambda$onGetCurrentPosition$5(boolean[],com.baseflow.geolocator.location.LocationClient,io.flutter.plugin.common.MethodChannel$Result,com.baseflow.geolocator.errors.ErrorCodes) -> a
    void lambda$onGetLastKnownPosition$2(io.flutter.plugin.common.MethodChannel$Result,android.location.Location) -> a
    void lambda$onGetLastKnownPosition$3(io.flutter.plugin.common.MethodChannel$Result,com.baseflow.geolocator.errors.ErrorCodes) -> a
    void lambda$onRequestPermission$0(io.flutter.plugin.common.MethodChannel$Result,com.baseflow.geolocator.permission.LocationPermission) -> a
    void onCheckPermission(io.flutter.plugin.common.MethodChannel$Result) -> a
    void onMethodCall(io.flutter.plugin.common.MethodCall,io.flutter.plugin.common.MethodChannel$Result) -> a
    void setActivity(android.app.Activity) -> a
    void startListening(android.content.Context,io.flutter.plugin.common.BinaryMessenger) -> a
    void stopListening() -> a
com.baseflow.geolocator.StreamHandlerImpl -> c.b.a.k:
    android.app.Activity activity -> d
    android.content.Context context -> c
    com.baseflow.geolocator.location.GeolocationManager geolocationManager -> a
    com.baseflow.geolocator.location.LocationClient locationClient -> e
    io.flutter.plugin.common.EventChannel channel -> b
    void lambda$onListen$0(io.flutter.plugin.common.EventChannel$EventSink,android.location.Location) -> a
    void lambda$onListen$1(io.flutter.plugin.common.EventChannel$EventSink,com.baseflow.geolocator.errors.ErrorCodes) -> a
    void onCancel(java.lang.Object) -> a
    void onListen(java.lang.Object,io.flutter.plugin.common.EventChannel$EventSink) -> a
    void setActivity(android.app.Activity) -> a
    void startListening(android.content.Context,io.flutter.plugin.common.BinaryMessenger) -> a
    void stopListening() -> a
com.baseflow.geolocator.errors.ErrorCallback -> c.b.a.l.a:
    void onError(com.baseflow.geolocator.errors.ErrorCodes) -> a